[2017-05-11 06:18:44] production.ERROR: RuntimeException: The only supported ciphers are AES-128-CBC and AES-256-CBC with the correct key lengths. in /data/wwwroot/nndeal/goodshop_web/vendor/laravel/framework/src/Illuminate/Encryption/Encrypter.php:43
Stack trace:
#0 /data/wwwroot/nndeal/goodshop_web/vendor/laravel/framework/src/Illuminate/Encryption/EncryptionServiceProvider.php(27): Illuminate\Encryption\Encrypter->__construct('', 'AES-256-CBC')
#1 /data/wwwroot/nndeal/goodshop_web/vendor/laravel/framework/src/Illuminate/Container/Container.php(718): Illuminate\Encryption\EncryptionServiceProvider->Illuminate\Encryption\{closure}(Object(Illuminate\Foundation\Application), Array)
#2 /data/wwwroot/nndeal/goodshop_web/vendor/laravel/framework/src/Illuminate/Container/Container.php(600): Illuminate\Container\Container->build(Object(Closure))
#3 /data/wwwroot/nndeal/goodshop_web/vendor/laravel/framework/src/Illuminate/Container/Container.php(567): Illuminate\Container\Container->resolve('encrypter')
#4 /data/wwwroot/nndeal/goodshop_web/vendor/laravel/framework/src/Illuminate/Foundation/Application.php(708): Illuminate\Container\Container->make('encrypter')
#5 /data/wwwroot/nndeal/goodshop_web/vendor/laravel/framework/src/Illuminate/Container/Container.php(842): Illuminate\Foundation\Application->make('encrypter')
#6 /data/wwwroot/nndeal/goodshop_web/vendor/laravel/framework/src/Illuminate/Container/Container.php(782): Illuminate\Container\Container->resolveClass(Object(ReflectionParameter))
#7 /data/wwwroot/nndeal/goodshop_web/vendor/laravel/framework/src/Illuminate/Container/Container.php(748): Illuminate\Container\Container->resolveDependencies(Array)
#8 /data/wwwroot/nndeal/goodshop_web/vendor/laravel/framework/src/Illuminate/Container/Container.php(600): Illuminate\Container\Container->build('App\\Http\\Middle...')
#9 /data/wwwroot/nndeal/goodshop_web/vendor/laravel/framework/src/Illuminate/Container/Container.php(567): Illuminate\Container\Container->resolve('App\\Http\\Middle...')
#10 /data/wwwroot/nndeal/goodshop_web/vendor/laravel/framework/src/Illuminate/Foundation/Application.php(708): Illuminate\Container\Container->make('App\\Http\\Middle...')
#11 /data/wwwroot/nndeal/goodshop_web/vendor/laravel/framework/src/Illuminate/Pipeline/Pipeline.php(138): Illuminate\Foundation\Application->make('App\\Http\\Middle...')
#12 /data/wwwroot/nndeal/goodshop_web/vendor/laravel/framework/src/Illuminate/Routing/Pipeline.php(53): Illuminate\Pipeline\Pipeline->Illuminate\Pipeline\{closure}(Object(Illuminate\Http\Request))
#13 /data/wwwroot/nndeal/goodshop_web/vendor/laravel/framework/src/Illuminate/Pipeline/Pipeline.php(102): Illuminate\Routing\Pipeline->Illuminate\Routing\{closure}(Object(Illuminate\Http\Request))
#14 /data/wwwroot/nndeal/goodshop_web/vendor/laravel/framework/src/Illuminate/Routing/Router.php(561): Illuminate\Pipeline\Pipeline->then(Object(Closure))
#15 /data/wwwroot/nndeal/goodshop_web/vendor/laravel/framework/src/Illuminate/Routing/Router.php(520): Illuminate\Routing\Router->runRouteWithinStack(Object(Illuminate\Routing\Route), Object(Illuminate\Http\Request))
#16 /data/wwwroot/nndeal/goodshop_web/vendor/laravel/framework/src/Illuminate/Routing/Router.php(498): Illuminate\Routing\Router->dispatchToRoute(Object(Illuminate\Http\Request))
#17 /data/wwwroot/nndeal/goodshop_web/vendor/laravel/framework/src/Illuminate/Foundation/Http/Kernel.php(174): Illuminate\Routing\Router->dispatch(Object(Illuminate\Http\Request))
#18 /data/wwwroot/nndeal/goodshop_web/vendor/laravel/framework/src/Illuminate/Routing/Pipeline.php(30): Illuminate\Foundation\Http\Kernel->Illuminate\Foundation\Http\{closure}(Object(Illuminate\Http\Request))
#19 /data/wwwroot/nndeal/goodshop_web/vendor/laravel/framework/src/Illuminate/Foundation/Http/Middleware/TransformsRequest.php(30): Illuminate\Routing\Pipeline->Illuminate\Routing\{closure}(Object(Illuminate\Http\Request))
#20 /data/wwwroot/nndeal/goodshop_web/vendor/laravel/framework/src/Illuminate/Pipeline/Pipeline.php(148): Illuminate\Foundation\Http\Middleware\TransformsRequest->handle(Object(Illuminate\Http\Request), Object(Closure))
#21 /data/wwwroot/nndeal/goodshop_web/vendor/laravel/framework/src/Illuminate/Routing/Pipeline.php(53): Illuminate\Pipeline\Pipeline->Illuminate\Pipeline\{closure}(Object(Illuminate\Http\Request))
#22 /data/wwwroot/nndeal/goodshop_web/vendor/laravel/framework/src/Illuminate/Foundation/Http/Middleware/TransformsRequest.php(30): Illuminate\Routing\Pipeline->Illuminate\Routing\{closure}(Object(Illuminate\Http\Request))
#23 /data/wwwroot/nndeal/goodshop_web/vendor/laravel/framework/src/Illuminate/Pipeline/Pipeline.php(148): Illuminate\Foundation\Http\Middleware\TransformsRequest->handle(Object(Illuminate\Http\Request), Object(Closure))
#24 /data/wwwroot/nndeal/goodshop_web/vendor/laravel/framework/src/Illuminate/Routing/Pipeline.php(53): Illuminate\Pipeline\Pipeline->Illuminate\Pipeline\{closure}(Object(Illuminate\Http\Request))
#25 /data/wwwroot/nndeal/goodshop_web/vendor/laravel/framework/src/Illuminate/Foundation/Http/Middleware/ValidatePostSize.php(27): Illuminate\Routing\Pipeline->Illuminate\Routing\{closure}(Object(Illuminate\Http\Request))
#26 /data/wwwroot/nndeal/goodshop_web/vendor/laravel/framework/src/Illuminate/Pipeline/Pipeline.php(148): Illuminate\Foundation\Http\Middleware\ValidatePostSize->handle(Object(Illuminate\Http\Request), Object(Closure))
#27 /data/wwwroot/nndeal/goodshop_web/vendor/laravel/framework/src/Illuminate/Routing/Pipeline.php(53): Illuminate\Pipeline\Pipeline->Illuminate\Pipeline\{closure}(Object(Illuminate\Http\Request))
#28 /data/wwwroot/nndeal/goodshop_web/vendor/laravel/framework/src/Illuminate/Foundation/Http/Middleware/CheckForMaintenanceMode.php(46): Illuminate\Routing\Pipeline->Illuminate\Routing\{closure}(Object(Illuminate\Http\Request))
#29 /data/wwwroot/nndeal/goodshop_web/vendor/laravel/framework/src/Illuminate/Pipeline/Pipeline.php(148): Illuminate\Foundation\Http\Middleware\CheckForMaintenanceMode->handle(Object(Illuminate\Http\Request), Object(Closure))
#30 /data/wwwroot/nndeal/goodshop_web/vendor/laravel/framework/src/Illuminate/Routing/Pipeline.php(53): Illuminate\Pipeline\Pipeline->Illuminate\Pipeline\{closure}(Object(Illuminate\Http\Request))
#31 /data/wwwroot/nndeal/goodshop_web/vendor/laravel/framework/src/Illuminate/Pipeline/Pipeline.php(102): Illuminate\Routing\Pipeline->Illuminate\Routing\{closure}(Object(Illuminate\Http\Request))
#32 /data/wwwroot/nndeal/goodshop_web/vendor/laravel/framework/src/Illuminate/Foundation/Http/Kernel.php(149): Illuminate\Pipeline\Pipeline->then(Object(Closure))
#33 /data/wwwroot/nndeal/goodshop_web/vendor/laravel/framework/src/Illuminate/Foundation/Http/Kernel.php(116): Illuminate\Foundation\Http\Kernel->sendRequestThroughRouter(Object(Illuminate\Http\Request))
#34 /data/wwwroot/nndeal/goodshop_web/public/index.php(53): Illuminate\Foundation\Http\Kernel->handle(Object(Illuminate\Http\Request))
#35 {main}  
[2017-05-11 06:18:44] production.ERROR: RuntimeException: The only supported ciphers are AES-128-CBC and AES-256-CBC with the correct key lengths. in /data/wwwroot/nndeal/goodshop_web/vendor/laravel/framework/src/Illuminate/Encryption/Encrypter.php:43
Stack trace:
#0 /data/wwwroot/nndeal/goodshop_web/vendor/laravel/framework/src/Illuminate/Encryption/EncryptionServiceProvider.php(27): Illuminate\Encryption\Encrypter->__construct('', 'AES-256-CBC')
#1 /data/wwwroot/nndeal/goodshop_web/vendor/laravel/framework/src/Illuminate/Container/Container.php(718): Illuminate\Encryption\EncryptionServiceProvider->Illuminate\Encryption\{closure}(Object(Illuminate\Foundation\Application), Array)
#2 /data/wwwroot/nndeal/goodshop_web/vendor/laravel/framework/src/Illuminate/Container/Container.php(600): Illuminate\Container\Container->build(Object(Closure))
#3 /data/wwwroot/nndeal/goodshop_web/vendor/laravel/framework/src/Illuminate/Container/Container.php(567): Illuminate\Container\Container->resolve('encrypter')
#4 /data/wwwroot/nndeal/goodshop_web/vendor/laravel/framework/src/Illuminate/Foundation/Application.php(708): Illuminate\Container\Container->make('encrypter')
#5 /data/wwwroot/nndeal/goodshop_web/vendor/laravel/framework/src/Illuminate/Container/Container.php(842): Illuminate\Foundation\Application->make('encrypter')
#6 /data/wwwroot/nndeal/goodshop_web/vendor/laravel/framework/src/Illuminate/Container/Container.php(782): Illuminate\Container\Container->resolveClass(Object(ReflectionParameter))
#7 /data/wwwroot/nndeal/goodshop_web/vendor/laravel/framework/src/Illuminate/Container/Container.php(748): Illuminate\Container\Container->resolveDependencies(Array)
#8 /data/wwwroot/nndeal/goodshop_web/vendor/laravel/framework/src/Illuminate/Container/Container.php(600): Illuminate\Container\Container->build('App\\Http\\Middle...')
#9 /data/wwwroot/nndeal/goodshop_web/vendor/laravel/framework/src/Illuminate/Container/Container.php(567): Illuminate\Container\Container->resolve('App\\Http\\Middle...')
#10 /data/wwwroot/nndeal/goodshop_web/vendor/laravel/framework/src/Illuminate/Foundation/Application.php(708): Illuminate\Container\Container->make('App\\Http\\Middle...')
#11 /data/wwwroot/nndeal/goodshop_web/vendor/laravel/framework/src/Illuminate/Foundation/Http/Kernel.php(213): Illuminate\Foundation\Application->make('App\\Http\\Middle...')
#12 /data/wwwroot/nndeal/goodshop_web/vendor/laravel/framework/src/Illuminate/Foundation/Http/Kernel.php(187): Illuminate\Foundation\Http\Kernel->terminateMiddleware(Object(Illuminate\Http\Request), Object(Illuminate\Http\Response))
#13 /data/wwwroot/nndeal/goodshop_web/public/index.php(58): Illuminate\Foundation\Http\Kernel->terminate(Object(Illuminate\Http\Request), Object(Illuminate\Http\Response))
#14 {main}  
[2017-05-11 06:20:25] production.ERROR: RuntimeException: The only supported ciphers are AES-128-CBC and AES-256-CBC with the correct key lengths. in /data/wwwroot/nndeal/goodshop_web/vendor/laravel/framework/src/Illuminate/Encryption/Encrypter.php:43
Stack trace:
#0 /data/wwwroot/nndeal/goodshop_web/vendor/laravel/framework/src/Illuminate/Encryption/EncryptionServiceProvider.php(27): Illuminate\Encryption\Encrypter->__construct('', 'AES-256-CBC')
#1 /data/wwwroot/nndeal/goodshop_web/vendor/laravel/framework/src/Illuminate/Container/Container.php(718): Illuminate\Encryption\EncryptionServiceProvider->Illuminate\Encryption\{closure}(Object(Illuminate\Foundation\Application), Array)
#2 /data/wwwroot/nndeal/goodshop_web/vendor/laravel/framework/src/Illuminate/Container/Container.php(600): Illuminate\Container\Container->build(Object(Closure))
#3 /data/wwwroot/nndeal/goodshop_web/vendor/laravel/framework/src/Illuminate/Container/Container.php(567): Illuminate\Container\Container->resolve('encrypter')
#4 /data/wwwroot/nndeal/goodshop_web/vendor/laravel/framework/src/Illuminate/Foundation/Application.php(708): Illuminate\Container\Container->make('encrypter')
#5 /data/wwwroot/nndeal/goodshop_web/vendor/laravel/framework/src/Illuminate/Container/Container.php(842): Illuminate\Foundation\Application->make('encrypter')
#6 /data/wwwroot/nndeal/goodshop_web/vendor/laravel/framework/src/Illuminate/Container/Container.php(782): Illuminate\Container\Container->resolveClass(Object(ReflectionParameter))
#7 /data/wwwroot/nndeal/goodshop_web/vendor/laravel/framework/src/Illuminate/Container/Container.php(748): Illuminate\Container\Container->resolveDependencies(Array)
#8 /data/wwwroot/nndeal/goodshop_web/vendor/laravel/framework/src/Illuminate/Container/Container.php(600): Illuminate\Container\Container->build('App\\Http\\Middle...')
#9 /data/wwwroot/nndeal/goodshop_web/vendor/laravel/framework/src/Illuminate/Container/Container.php(567): Illuminate\Container\Container->resolve('App\\Http\\Middle...')
#10 /data/wwwroot/nndeal/goodshop_web/vendor/laravel/framework/src/Illuminate/Foundation/Application.php(708): Illuminate\Container\Container->make('App\\Http\\Middle...')
#11 /data/wwwroot/nndeal/goodshop_web/vendor/laravel/framework/src/Illuminate/Pipeline/Pipeline.php(138): Illuminate\Foundation\Application->make('App\\Http\\Middle...')
#12 /data/wwwroot/nndeal/goodshop_web/vendor/laravel/framework/src/Illuminate/Routing/Pipeline.php(53): Illuminate\Pipeline\Pipeline->Illuminate\Pipeline\{closure}(Object(Illuminate\Http\Request))
#13 /data/wwwroot/nndeal/goodshop_web/vendor/laravel/framework/src/Illuminate/Pipeline/Pipeline.php(102): Illuminate\Routing\Pipeline->Illuminate\Routing\{closure}(Object(Illuminate\Http\Request))
#14 /data/wwwroot/nndeal/goodshop_web/vendor/laravel/framework/src/Illuminate/Routing/Router.php(561): Illuminate\Pipeline\Pipeline->then(Object(Closure))
#15 /data/wwwroot/nndeal/goodshop_web/vendor/laravel/framework/src/Illuminate/Routing/Router.php(520): Illuminate\Routing\Router->runRouteWithinStack(Object(Illuminate\Routing\Route), Object(Illuminate\Http\Request))
#16 /data/wwwroot/nndeal/goodshop_web/vendor/laravel/framework/src/Illuminate/Routing/Router.php(498): Illuminate\Routing\Router->dispatchToRoute(Object(Illuminate\Http\Request))
#17 /data/wwwroot/nndeal/goodshop_web/vendor/laravel/framework/src/Illuminate/Foundation/Http/Kernel.php(174): Illuminate\Routing\Router->dispatch(Object(Illuminate\Http\Request))
#18 /data/wwwroot/nndeal/goodshop_web/vendor/laravel/framework/src/Illuminate/Routing/Pipeline.php(30): Illuminate\Foundation\Http\Kernel->Illuminate\Foundation\Http\{closure}(Object(Illuminate\Http\Request))
#19 /data/wwwroot/nndeal/goodshop_web/vendor/laravel/framework/src/Illuminate/Foundation/Http/Middleware/TransformsRequest.php(30): Illuminate\Routing\Pipeline->Illuminate\Routing\{closure}(Object(Illuminate\Http\Request))
#20 /data/wwwroot/nndeal/goodshop_web/vendor/laravel/framework/src/Illuminate/Pipeline/Pipeline.php(148): Illuminate\Foundation\Http\Middleware\TransformsRequest->handle(Object(Illuminate\Http\Request), Object(Closure))
#21 /data/wwwroot/nndeal/goodshop_web/vendor/laravel/framework/src/Illuminate/Routing/Pipeline.php(53): Illuminate\Pipeline\Pipeline->Illuminate\Pipeline\{closure}(Object(Illuminate\Http\Request))
#22 /data/wwwroot/nndeal/goodshop_web/vendor/laravel/framework/src/Illuminate/Foundation/Http/Middleware/TransformsRequest.php(30): Illuminate\Routing\Pipeline->Illuminate\Routing\{closure}(Object(Illuminate\Http\Request))
#23 /data/wwwroot/nndeal/goodshop_web/vendor/laravel/framework/src/Illuminate/Pipeline/Pipeline.php(148): Illuminate\Foundation\Http\Middleware\TransformsRequest->handle(Object(Illuminate\Http\Request), Object(Closure))
#24 /data/wwwroot/nndeal/goodshop_web/vendor/laravel/framework/src/Illuminate/Routing/Pipeline.php(53): Illuminate\Pipeline\Pipeline->Illuminate\Pipeline\{closure}(Object(Illuminate\Http\Request))
#25 /data/wwwroot/nndeal/goodshop_web/vendor/laravel/framework/src/Illuminate/Foundation/Http/Middleware/ValidatePostSize.php(27): Illuminate\Routing\Pipeline->Illuminate\Routing\{closure}(Object(Illuminate\Http\Request))
#26 /data/wwwroot/nndeal/goodshop_web/vendor/laravel/framework/src/Illuminate/Pipeline/Pipeline.php(148): Illuminate\Foundation\Http\Middleware\ValidatePostSize->handle(Object(Illuminate\Http\Request), Object(Closure))
#27 /data/wwwroot/nndeal/goodshop_web/vendor/laravel/framework/src/Illuminate/Routing/Pipeline.php(53): Illuminate\Pipeline\Pipeline->Illuminate\Pipeline\{closure}(Object(Illuminate\Http\Request))
#28 /data/wwwroot/nndeal/goodshop_web/vendor/laravel/framework/src/Illuminate/Foundation/Http/Middleware/CheckForMaintenanceMode.php(46): Illuminate\Routing\Pipeline->Illuminate\Routing\{closure}(Object(Illuminate\Http\Request))
#29 /data/wwwroot/nndeal/goodshop_web/vendor/laravel/framework/src/Illuminate/Pipeline/Pipeline.php(148): Illuminate\Foundation\Http\Middleware\CheckForMaintenanceMode->handle(Object(Illuminate\Http\Request), Object(Closure))
#30 /data/wwwroot/nndeal/goodshop_web/vendor/laravel/framework/src/Illuminate/Routing/Pipeline.php(53): Illuminate\Pipeline\Pipeline->Illuminate\Pipeline\{closure}(Object(Illuminate\Http\Request))
#31 /data/wwwroot/nndeal/goodshop_web/vendor/laravel/framework/src/Illuminate/Pipeline/Pipeline.php(102): Illuminate\Routing\Pipeline->Illuminate\Routing\{closure}(Object(Illuminate\Http\Request))
#32 /data/wwwroot/nndeal/goodshop_web/vendor/laravel/framework/src/Illuminate/Foundation/Http/Kernel.php(149): Illuminate\Pipeline\Pipeline->then(Object(Closure))
#33 /data/wwwroot/nndeal/goodshop_web/vendor/laravel/framework/src/Illuminate/Foundation/Http/Kernel.php(116): Illuminate\Foundation\Http\Kernel->sendRequestThroughRouter(Object(Illuminate\Http\Request))
#34 /data/wwwroot/nndeal/goodshop_web/public/index.php(53): Illuminate\Foundation\Http\Kernel->handle(Object(Illuminate\Http\Request))
#35 {main}  
[2017-05-11 06:20:25] production.ERROR: RuntimeException: The only supported ciphers are AES-128-CBC and AES-256-CBC with the correct key lengths. in /data/wwwroot/nndeal/goodshop_web/vendor/laravel/framework/src/Illuminate/Encryption/Encrypter.php:43
Stack trace:
#0 /data/wwwroot/nndeal/goodshop_web/vendor/laravel/framework/src/Illuminate/Encryption/EncryptionServiceProvider.php(27): Illuminate\Encryption\Encrypter->__construct('', 'AES-256-CBC')
#1 /data/wwwroot/nndeal/goodshop_web/vendor/laravel/framework/src/Illuminate/Container/Container.php(718): Illuminate\Encryption\EncryptionServiceProvider->Illuminate\Encryption\{closure}(Object(Illuminate\Foundation\Application), Array)
#2 /data/wwwroot/nndeal/goodshop_web/vendor/laravel/framework/src/Illuminate/Container/Container.php(600): Illuminate\Container\Container->build(Object(Closure))
#3 /data/wwwroot/nndeal/goodshop_web/vendor/laravel/framework/src/Illuminate/Container/Container.php(567): Illuminate\Container\Container->resolve('encrypter')
#4 /data/wwwroot/nndeal/goodshop_web/vendor/laravel/framework/src/Illuminate/Foundation/Application.php(708): Illuminate\Container\Container->make('encrypter')
#5 /data/wwwroot/nndeal/goodshop_web/vendor/laravel/framework/src/Illuminate/Container/Container.php(842): Illuminate\Foundation\Application->make('encrypter')
#6 /data/wwwroot/nndeal/goodshop_web/vendor/laravel/framework/src/Illuminate/Container/Container.php(782): Illuminate\Container\Container->resolveClass(Object(ReflectionParameter))
#7 /data/wwwroot/nndeal/goodshop_web/vendor/laravel/framework/src/Illuminate/Container/Container.php(748): Illuminate\Container\Container->resolveDependencies(Array)
#8 /data/wwwroot/nndeal/goodshop_web/vendor/laravel/framework/src/Illuminate/Container/Container.php(600): Illuminate\Container\Container->build('App\\Http\\Middle...')
#9 /data/wwwroot/nndeal/goodshop_web/vendor/laravel/framework/src/Illuminate/Container/Container.php(567): Illuminate\Container\Container->resolve('App\\Http\\Middle...')
#10 /data/wwwroot/nndeal/goodshop_web/vendor/laravel/framework/src/Illuminate/Foundation/Application.php(708): Illuminate\Container\Container->make('App\\Http\\Middle...')
#11 /data/wwwroot/nndeal/goodshop_web/vendor/laravel/framework/src/Illuminate/Foundation/Http/Kernel.php(213): Illuminate\Foundation\Application->make('App\\Http\\Middle...')
#12 /data/wwwroot/nndeal/goodshop_web/vendor/laravel/framework/src/Illuminate/Foundation/Http/Kernel.php(187): Illuminate\Foundation\Http\Kernel->terminateMiddleware(Object(Illuminate\Http\Request), Object(Illuminate\Http\Response))
#13 /data/wwwroot/nndeal/goodshop_web/public/index.php(58): Illuminate\Foundation\Http\Kernel->terminate(Object(Illuminate\Http\Request), Object(Illuminate\Http\Response))
#14 {main}  
[2017-05-11 06:20:46] production.ERROR: RuntimeException: The only supported ciphers are AES-128-CBC and AES-256-CBC with the correct key lengths. in /data/wwwroot/nndeal/goodshop_web/vendor/laravel/framework/src/Illuminate/Encryption/Encrypter.php:43
Stack trace:
#0 /data/wwwroot/nndeal/goodshop_web/vendor/laravel/framework/src/Illuminate/Encryption/EncryptionServiceProvider.php(27): Illuminate\Encryption\Encrypter->__construct('', 'AES-256-CBC')
#1 /data/wwwroot/nndeal/goodshop_web/vendor/laravel/framework/src/Illuminate/Container/Container.php(718): Illuminate\Encryption\EncryptionServiceProvider->Illuminate\Encryption\{closure}(Object(Illuminate\Foundation\Application), Array)
#2 /data/wwwroot/nndeal/goodshop_web/vendor/laravel/framework/src/Illuminate/Container/Container.php(600): Illuminate\Container\Container->build(Object(Closure))
#3 /data/wwwroot/nndeal/goodshop_web/vendor/laravel/framework/src/Illuminate/Container/Container.php(567): Illuminate\Container\Container->resolve('encrypter')
#4 /data/wwwroot/nndeal/goodshop_web/vendor/laravel/framework/src/Illuminate/Foundation/Application.php(708): Illuminate\Container\Container->make('encrypter')
#5 /data/wwwroot/nndeal/goodshop_web/vendor/laravel/framework/src/Illuminate/Container/Container.php(842): Illuminate\Foundation\Application->make('encrypter')
#6 /data/wwwroot/nndeal/goodshop_web/vendor/laravel/framework/src/Illuminate/Container/Container.php(782): Illuminate\Container\Container->resolveClass(Object(ReflectionParameter))
#7 /data/wwwroot/nndeal/goodshop_web/vendor/laravel/framework/src/Illuminate/Container/Container.php(748): Illuminate\Container\Container->resolveDependencies(Array)
#8 /data/wwwroot/nndeal/goodshop_web/vendor/laravel/framework/src/Illuminate/Container/Container.php(600): Illuminate\Container\Container->build('App\\Http\\Middle...')
#9 /data/wwwroot/nndeal/goodshop_web/vendor/laravel/framework/src/Illuminate/Container/Container.php(567): Illuminate\Container\Container->resolve('App\\Http\\Middle...')
#10 /data/wwwroot/nndeal/goodshop_web/vendor/laravel/framework/src/Illuminate/Foundation/Application.php(708): Illuminate\Container\Container->make('App\\Http\\Middle...')
#11 /data/wwwroot/nndeal/goodshop_web/vendor/laravel/framework/src/Illuminate/Pipeline/Pipeline.php(138): Illuminate\Foundation\Application->make('App\\Http\\Middle...')
#12 /data/wwwroot/nndeal/goodshop_web/vendor/laravel/framework/src/Illuminate/Routing/Pipeline.php(53): Illuminate\Pipeline\Pipeline->Illuminate\Pipeline\{closure}(Object(Illuminate\Http\Request))
#13 /data/wwwroot/nndeal/goodshop_web/vendor/laravel/framework/src/Illuminate/Pipeline/Pipeline.php(102): Illuminate\Routing\Pipeline->Illuminate\Routing\{closure}(Object(Illuminate\Http\Request))
#14 /data/wwwroot/nndeal/goodshop_web/vendor/laravel/framework/src/Illuminate/Routing/Router.php(561): Illuminate\Pipeline\Pipeline->then(Object(Closure))
#15 /data/wwwroot/nndeal/goodshop_web/vendor/laravel/framework/src/Illuminate/Routing/Router.php(520): Illuminate\Routing\Router->runRouteWithinStack(Object(Illuminate\Routing\Route), Object(Illuminate\Http\Request))
#16 /data/wwwroot/nndeal/goodshop_web/vendor/laravel/framework/src/Illuminate/Routing/Router.php(498): Illuminate\Routing\Router->dispatchToRoute(Object(Illuminate\Http\Request))
#17 /data/wwwroot/nndeal/goodshop_web/vendor/laravel/framework/src/Illuminate/Foundation/Http/Kernel.php(174): Illuminate\Routing\Router->dispatch(Object(Illuminate\Http\Request))
#18 /data/wwwroot/nndeal/goodshop_web/vendor/laravel/framework/src/Illuminate/Routing/Pipeline.php(30): Illuminate\Foundation\Http\Kernel->Illuminate\Foundation\Http\{closure}(Object(Illuminate\Http\Request))
#19 /data/wwwroot/nndeal/goodshop_web/vendor/laravel/framework/src/Illuminate/Foundation/Http/Middleware/TransformsRequest.php(30): Illuminate\Routing\Pipeline->Illuminate\Routing\{closure}(Object(Illuminate\Http\Request))
#20 /data/wwwroot/nndeal/goodshop_web/vendor/laravel/framework/src/Illuminate/Pipeline/Pipeline.php(148): Illuminate\Foundation\Http\Middleware\TransformsRequest->handle(Object(Illuminate\Http\Request), Object(Closure))
#21 /data/wwwroot/nndeal/goodshop_web/vendor/laravel/framework/src/Illuminate/Routing/Pipeline.php(53): Illuminate\Pipeline\Pipeline->Illuminate\Pipeline\{closure}(Object(Illuminate\Http\Request))
#22 /data/wwwroot/nndeal/goodshop_web/vendor/laravel/framework/src/Illuminate/Foundation/Http/Middleware/TransformsRequest.php(30): Illuminate\Routing\Pipeline->Illuminate\Routing\{closure}(Object(Illuminate\Http\Request))
#23 /data/wwwroot/nndeal/goodshop_web/vendor/laravel/framework/src/Illuminate/Pipeline/Pipeline.php(148): Illuminate\Foundation\Http\Middleware\TransformsRequest->handle(Object(Illuminate\Http\Request), Object(Closure))
#24 /data/wwwroot/nndeal/goodshop_web/vendor/laravel/framework/src/Illuminate/Routing/Pipeline.php(53): Illuminate\Pipeline\Pipeline->Illuminate\Pipeline\{closure}(Object(Illuminate\Http\Request))
#25 /data/wwwroot/nndeal/goodshop_web/vendor/laravel/framework/src/Illuminate/Foundation/Http/Middleware/ValidatePostSize.php(27): Illuminate\Routing\Pipeline->Illuminate\Routing\{closure}(Object(Illuminate\Http\Request))
#26 /data/wwwroot/nndeal/goodshop_web/vendor/laravel/framework/src/Illuminate/Pipeline/Pipeline.php(148): Illuminate\Foundation\Http\Middleware\ValidatePostSize->handle(Object(Illuminate\Http\Request), Object(Closure))
#27 /data/wwwroot/nndeal/goodshop_web/vendor/laravel/framework/src/Illuminate/Routing/Pipeline.php(53): Illuminate\Pipeline\Pipeline->Illuminate\Pipeline\{closure}(Object(Illuminate\Http\Request))
#28 /data/wwwroot/nndeal/goodshop_web/vendor/laravel/framework/src/Illuminate/Foundation/Http/Middleware/CheckForMaintenanceMode.php(46): Illuminate\Routing\Pipeline->Illuminate\Routing\{closure}(Object(Illuminate\Http\Request))
#29 /data/wwwroot/nndeal/goodshop_web/vendor/laravel/framework/src/Illuminate/Pipeline/Pipeline.php(148): Illuminate\Foundation\Http\Middleware\CheckForMaintenanceMode->handle(Object(Illuminate\Http\Request), Object(Closure))
#30 /data/wwwroot/nndeal/goodshop_web/vendor/laravel/framework/src/Illuminate/Routing/Pipeline.php(53): Illuminate\Pipeline\Pipeline->Illuminate\Pipeline\{closure}(Object(Illuminate\Http\Request))
#31 /data/wwwroot/nndeal/goodshop_web/vendor/laravel/framework/src/Illuminate/Pipeline/Pipeline.php(102): Illuminate\Routing\Pipeline->Illuminate\Routing\{closure}(Object(Illuminate\Http\Request))
#32 /data/wwwroot/nndeal/goodshop_web/vendor/laravel/framework/src/Illuminate/Foundation/Http/Kernel.php(149): Illuminate\Pipeline\Pipeline->then(Object(Closure))
#33 /data/wwwroot/nndeal/goodshop_web/vendor/laravel/framework/src/Illuminate/Foundation/Http/Kernel.php(116): Illuminate\Foundation\Http\Kernel->sendRequestThroughRouter(Object(Illuminate\Http\Request))
#34 /data/wwwroot/nndeal/goodshop_web/public/index.php(53): Illuminate\Foundation\Http\Kernel->handle(Object(Illuminate\Http\Request))
#35 {main}  
[2017-05-11 06:20:46] production.ERROR: RuntimeException: The only supported ciphers are AES-128-CBC and AES-256-CBC with the correct key lengths. in /data/wwwroot/nndeal/goodshop_web/vendor/laravel/framework/src/Illuminate/Encryption/Encrypter.php:43
Stack trace:
#0 /data/wwwroot/nndeal/goodshop_web/vendor/laravel/framework/src/Illuminate/Encryption/EncryptionServiceProvider.php(27): Illuminate\Encryption\Encrypter->__construct('', 'AES-256-CBC')
#1 /data/wwwroot/nndeal/goodshop_web/vendor/laravel/framework/src/Illuminate/Container/Container.php(718): Illuminate\Encryption\EncryptionServiceProvider->Illuminate\Encryption\{closure}(Object(Illuminate\Foundation\Application), Array)
#2 /data/wwwroot/nndeal/goodshop_web/vendor/laravel/framework/src/Illuminate/Container/Container.php(600): Illuminate\Container\Container->build(Object(Closure))
#3 /data/wwwroot/nndeal/goodshop_web/vendor/laravel/framework/src/Illuminate/Container/Container.php(567): Illuminate\Container\Container->resolve('encrypter')
#4 /data/wwwroot/nndeal/goodshop_web/vendor/laravel/framework/src/Illuminate/Foundation/Application.php(708): Illuminate\Container\Container->make('encrypter')
#5 /data/wwwroot/nndeal/goodshop_web/vendor/laravel/framework/src/Illuminate/Container/Container.php(842): Illuminate\Foundation\Application->make('encrypter')
#6 /data/wwwroot/nndeal/goodshop_web/vendor/laravel/framework/src/Illuminate/Container/Container.php(782): Illuminate\Container\Container->resolveClass(Object(ReflectionParameter))
#7 /data/wwwroot/nndeal/goodshop_web/vendor/laravel/framework/src/Illuminate/Container/Container.php(748): Illuminate\Container\Container->resolveDependencies(Array)
#8 /data/wwwroot/nndeal/goodshop_web/vendor/laravel/framework/src/Illuminate/Container/Container.php(600): Illuminate\Container\Container->build('App\\Http\\Middle...')
#9 /data/wwwroot/nndeal/goodshop_web/vendor/laravel/framework/src/Illuminate/Container/Container.php(567): Illuminate\Container\Container->resolve('App\\Http\\Middle...')
#10 /data/wwwroot/nndeal/goodshop_web/vendor/laravel/framework/src/Illuminate/Foundation/Application.php(708): Illuminate\Container\Container->make('App\\Http\\Middle...')
#11 /data/wwwroot/nndeal/goodshop_web/vendor/laravel/framework/src/Illuminate/Foundation/Http/Kernel.php(213): Illuminate\Foundation\Application->make('App\\Http\\Middle...')
#12 /data/wwwroot/nndeal/goodshop_web/vendor/laravel/framework/src/Illuminate/Foundation/Http/Kernel.php(187): Illuminate\Foundation\Http\Kernel->terminateMiddleware(Object(Illuminate\Http\Request), Object(Illuminate\Http\Response))
#13 /data/wwwroot/nndeal/goodshop_web/public/index.php(58): Illuminate\Foundation\Http\Kernel->terminate(Object(Illuminate\Http\Request), Object(Illuminate\Http\Response))
#14 {main}  
[2017-05-11 06:21:02] production.ERROR: RuntimeException: The only supported ciphers are AES-128-CBC and AES-256-CBC with the correct key lengths. in /data/wwwroot/nndeal/goodshop_web/vendor/laravel/framework/src/Illuminate/Encryption/Encrypter.php:43
Stack trace:
#0 /data/wwwroot/nndeal/goodshop_web/vendor/laravel/framework/src/Illuminate/Encryption/EncryptionServiceProvider.php(27): Illuminate\Encryption\Encrypter->__construct('', 'AES-256-CBC')
#1 /data/wwwroot/nndeal/goodshop_web/vendor/laravel/framework/src/Illuminate/Container/Container.php(718): Illuminate\Encryption\EncryptionServiceProvider->Illuminate\Encryption\{closure}(Object(Illuminate\Foundation\Application), Array)
#2 /data/wwwroot/nndeal/goodshop_web/vendor/laravel/framework/src/Illuminate/Container/Container.php(600): Illuminate\Container\Container->build(Object(Closure))
#3 /data/wwwroot/nndeal/goodshop_web/vendor/laravel/framework/src/Illuminate/Container/Container.php(567): Illuminate\Container\Container->resolve('encrypter')
#4 /data/wwwroot/nndeal/goodshop_web/vendor/laravel/framework/src/Illuminate/Foundation/Application.php(708): Illuminate\Container\Container->make('encrypter')
#5 /data/wwwroot/nndeal/goodshop_web/vendor/laravel/framework/src/Illuminate/Container/Container.php(842): Illuminate\Foundation\Application->make('encrypter')
#6 /data/wwwroot/nndeal/goodshop_web/vendor/laravel/framework/src/Illuminate/Container/Container.php(782): Illuminate\Container\Container->resolveClass(Object(ReflectionParameter))
#7 /data/wwwroot/nndeal/goodshop_web/vendor/laravel/framework/src/Illuminate/Container/Container.php(748): Illuminate\Container\Container->resolveDependencies(Array)
#8 /data/wwwroot/nndeal/goodshop_web/vendor/laravel/framework/src/Illuminate/Container/Container.php(600): Illuminate\Container\Container->build('App\\Http\\Middle...')
#9 /data/wwwroot/nndeal/goodshop_web/vendor/laravel/framework/src/Illuminate/Container/Container.php(567): Illuminate\Container\Container->resolve('App\\Http\\Middle...')
#10 /data/wwwroot/nndeal/goodshop_web/vendor/laravel/framework/src/Illuminate/Foundation/Application.php(708): Illuminate\Container\Container->make('App\\Http\\Middle...')
#11 /data/wwwroot/nndeal/goodshop_web/vendor/laravel/framework/src/Illuminate/Pipeline/Pipeline.php(138): Illuminate\Foundation\Application->make('App\\Http\\Middle...')
#12 /data/wwwroot/nndeal/goodshop_web/vendor/laravel/framework/src/Illuminate/Routing/Pipeline.php(53): Illuminate\Pipeline\Pipeline->Illuminate\Pipeline\{closure}(Object(Illuminate\Http\Request))
#13 /data/wwwroot/nndeal/goodshop_web/vendor/laravel/framework/src/Illuminate/Pipeline/Pipeline.php(102): Illuminate\Routing\Pipeline->Illuminate\Routing\{closure}(Object(Illuminate\Http\Request))
#14 /data/wwwroot/nndeal/goodshop_web/vendor/laravel/framework/src/Illuminate/Routing/Router.php(561): Illuminate\Pipeline\Pipeline->then(Object(Closure))
#15 /data/wwwroot/nndeal/goodshop_web/vendor/laravel/framework/src/Illuminate/Routing/Router.php(520): Illuminate\Routing\Router->runRouteWithinStack(Object(Illuminate\Routing\Route), Object(Illuminate\Http\Request))
#16 /data/wwwroot/nndeal/goodshop_web/vendor/laravel/framework/src/Illuminate/Routing/Router.php(498): Illuminate\Routing\Router->dispatchToRoute(Object(Illuminate\Http\Request))
#17 /data/wwwroot/nndeal/goodshop_web/vendor/laravel/framework/src/Illuminate/Foundation/Http/Kernel.php(174): Illuminate\Routing\Router->dispatch(Object(Illuminate\Http\Request))
#18 /data/wwwroot/nndeal/goodshop_web/vendor/laravel/framework/src/Illuminate/Routing/Pipeline.php(30): Illuminate\Foundation\Http\Kernel->Illuminate\Foundation\Http\{closure}(Object(Illuminate\Http\Request))
#19 /data/wwwroot/nndeal/goodshop_web/vendor/laravel/framework/src/Illuminate/Foundation/Http/Middleware/TransformsRequest.php(30): Illuminate\Routing\Pipeline->Illuminate\Routing\{closure}(Object(Illuminate\Http\Request))
#20 /data/wwwroot/nndeal/goodshop_web/vendor/laravel/framework/src/Illuminate/Pipeline/Pipeline.php(148): Illuminate\Foundation\Http\Middleware\TransformsRequest->handle(Object(Illuminate\Http\Request), Object(Closure))
#21 /data/wwwroot/nndeal/goodshop_web/vendor/laravel/framework/src/Illuminate/Routing/Pipeline.php(53): Illuminate\Pipeline\Pipeline->Illuminate\Pipeline\{closure}(Object(Illuminate\Http\Request))
#22 /data/wwwroot/nndeal/goodshop_web/vendor/laravel/framework/src/Illuminate/Foundation/Http/Middleware/TransformsRequest.php(30): Illuminate\Routing\Pipeline->Illuminate\Routing\{closure}(Object(Illuminate\Http\Request))
#23 /data/wwwroot/nndeal/goodshop_web/vendor/laravel/framework/src/Illuminate/Pipeline/Pipeline.php(148): Illuminate\Foundation\Http\Middleware\TransformsRequest->handle(Object(Illuminate\Http\Request), Object(Closure))
#24 /data/wwwroot/nndeal/goodshop_web/vendor/laravel/framework/src/Illuminate/Routing/Pipeline.php(53): Illuminate\Pipeline\Pipeline->Illuminate\Pipeline\{closure}(Object(Illuminate\Http\Request))
#25 /data/wwwroot/nndeal/goodshop_web/vendor/laravel/framework/src/Illuminate/Foundation/Http/Middleware/ValidatePostSize.php(27): Illuminate\Routing\Pipeline->Illuminate\Routing\{closure}(Object(Illuminate\Http\Request))
#26 /data/wwwroot/nndeal/goodshop_web/vendor/laravel/framework/src/Illuminate/Pipeline/Pipeline.php(148): Illuminate\Foundation\Http\Middleware\ValidatePostSize->handle(Object(Illuminate\Http\Request), Object(Closure))
#27 /data/wwwroot/nndeal/goodshop_web/vendor/laravel/framework/src/Illuminate/Routing/Pipeline.php(53): Illuminate\Pipeline\Pipeline->Illuminate\Pipeline\{closure}(Object(Illuminate\Http\Request))
#28 /data/wwwroot/nndeal/goodshop_web/vendor/laravel/framework/src/Illuminate/Foundation/Http/Middleware/CheckForMaintenanceMode.php(46): Illuminate\Routing\Pipeline->Illuminate\Routing\{closure}(Object(Illuminate\Http\Request))
#29 /data/wwwroot/nndeal/goodshop_web/vendor/laravel/framework/src/Illuminate/Pipeline/Pipeline.php(148): Illuminate\Foundation\Http\Middleware\CheckForMaintenanceMode->handle(Object(Illuminate\Http\Request), Object(Closure))
#30 /data/wwwroot/nndeal/goodshop_web/vendor/laravel/framework/src/Illuminate/Routing/Pipeline.php(53): Illuminate\Pipeline\Pipeline->Illuminate\Pipeline\{closure}(Object(Illuminate\Http\Request))
#31 /data/wwwroot/nndeal/goodshop_web/vendor/laravel/framework/src/Illuminate/Pipeline/Pipeline.php(102): Illuminate\Routing\Pipeline->Illuminate\Routing\{closure}(Object(Illuminate\Http\Request))
#32 /data/wwwroot/nndeal/goodshop_web/vendor/laravel/framework/src/Illuminate/Foundation/Http/Kernel.php(149): Illuminate\Pipeline\Pipeline->then(Object(Closure))
#33 /data/wwwroot/nndeal/goodshop_web/vendor/laravel/framework/src/Illuminate/Foundation/Http/Kernel.php(116): Illuminate\Foundation\Http\Kernel->sendRequestThroughRouter(Object(Illuminate\Http\Request))
#34 /data/wwwroot/nndeal/goodshop_web/public/index.php(53): Illuminate\Foundation\Http\Kernel->handle(Object(Illuminate\Http\Request))
#35 {main}  
[2017-05-11 06:21:02] production.ERROR: RuntimeException: The only supported ciphers are AES-128-CBC and AES-256-CBC with the correct key lengths. in /data/wwwroot/nndeal/goodshop_web/vendor/laravel/framework/src/Illuminate/Encryption/Encrypter.php:43
Stack trace:
#0 /data/wwwroot/nndeal/goodshop_web/vendor/laravel/framework/src/Illuminate/Encryption/EncryptionServiceProvider.php(27): Illuminate\Encryption\Encrypter->__construct('', 'AES-256-CBC')
#1 /data/wwwroot/nndeal/goodshop_web/vendor/laravel/framework/src/Illuminate/Container/Container.php(718): Illuminate\Encryption\EncryptionServiceProvider->Illuminate\Encryption\{closure}(Object(Illuminate\Foundation\Application), Array)
#2 /data/wwwroot/nndeal/goodshop_web/vendor/laravel/framework/src/Illuminate/Container/Container.php(600): Illuminate\Container\Container->build(Object(Closure))
#3 /data/wwwroot/nndeal/goodshop_web/vendor/laravel/framework/src/Illuminate/Container/Container.php(567): Illuminate\Container\Container->resolve('encrypter')
#4 /data/wwwroot/nndeal/goodshop_web/vendor/laravel/framework/src/Illuminate/Foundation/Application.php(708): Illuminate\Container\Container->make('encrypter')
#5 /data/wwwroot/nndeal/goodshop_web/vendor/laravel/framework/src/Illuminate/Container/Container.php(842): Illuminate\Foundation\Application->make('encrypter')
#6 /data/wwwroot/nndeal/goodshop_web/vendor/laravel/framework/src/Illuminate/Container/Container.php(782): Illuminate\Container\Container->resolveClass(Object(ReflectionParameter))
#7 /data/wwwroot/nndeal/goodshop_web/vendor/laravel/framework/src/Illuminate/Container/Container.php(748): Illuminate\Container\Container->resolveDependencies(Array)
#8 /data/wwwroot/nndeal/goodshop_web/vendor/laravel/framework/src/Illuminate/Container/Container.php(600): Illuminate\Container\Container->build('App\\Http\\Middle...')
#9 /data/wwwroot/nndeal/goodshop_web/vendor/laravel/framework/src/Illuminate/Container/Container.php(567): Illuminate\Container\Container->resolve('App\\Http\\Middle...')
#10 /data/wwwroot/nndeal/goodshop_web/vendor/laravel/framework/src/Illuminate/Foundation/Application.php(708): Illuminate\Container\Container->make('App\\Http\\Middle...')
#11 /data/wwwroot/nndeal/goodshop_web/vendor/laravel/framework/src/Illuminate/Foundation/Http/Kernel.php(213): Illuminate\Foundation\Application->make('App\\Http\\Middle...')
#12 /data/wwwroot/nndeal/goodshop_web/vendor/laravel/framework/src/Illuminate/Foundation/Http/Kernel.php(187): Illuminate\Foundation\Http\Kernel->terminateMiddleware(Object(Illuminate\Http\Request), Object(Illuminate\Http\Response))
#13 /data/wwwroot/nndeal/goodshop_web/public/index.php(58): Illuminate\Foundation\Http\Kernel->terminate(Object(Illuminate\Http\Request), Object(Illuminate\Http\Response))
#14 {main}  
[2017-05-11 06:21:16] production.ERROR: RuntimeException: The only supported ciphers are AES-128-CBC and AES-256-CBC with the correct key lengths. in /data/wwwroot/nndeal/goodshop_web/vendor/laravel/framework/src/Illuminate/Encryption/Encrypter.php:43
Stack trace:
#0 /data/wwwroot/nndeal/goodshop_web/vendor/laravel/framework/src/Illuminate/Encryption/EncryptionServiceProvider.php(27): Illuminate\Encryption\Encrypter->__construct('', 'AES-256-CBC')
#1 /data/wwwroot/nndeal/goodshop_web/vendor/laravel/framework/src/Illuminate/Container/Container.php(718): Illuminate\Encryption\EncryptionServiceProvider->Illuminate\Encryption\{closure}(Object(Illuminate\Foundation\Application), Array)
#2 /data/wwwroot/nndeal/goodshop_web/vendor/laravel/framework/src/Illuminate/Container/Container.php(600): Illuminate\Container\Container->build(Object(Closure))
#3 /data/wwwroot/nndeal/goodshop_web/vendor/laravel/framework/src/Illuminate/Container/Container.php(567): Illuminate\Container\Container->resolve('encrypter')
#4 /data/wwwroot/nndeal/goodshop_web/vendor/laravel/framework/src/Illuminate/Foundation/Application.php(708): Illuminate\Container\Container->make('encrypter')
#5 /data/wwwroot/nndeal/goodshop_web/vendor/laravel/framework/src/Illuminate/Container/Container.php(842): Illuminate\Foundation\Application->make('encrypter')
#6 /data/wwwroot/nndeal/goodshop_web/vendor/laravel/framework/src/Illuminate/Container/Container.php(782): Illuminate\Container\Container->resolveClass(Object(ReflectionParameter))
#7 /data/wwwroot/nndeal/goodshop_web/vendor/laravel/framework/src/Illuminate/Container/Container.php(748): Illuminate\Container\Container->resolveDependencies(Array)
#8 /data/wwwroot/nndeal/goodshop_web/vendor/laravel/framework/src/Illuminate/Container/Container.php(600): Illuminate\Container\Container->build('App\\Http\\Middle...')
#9 /data/wwwroot/nndeal/goodshop_web/vendor/laravel/framework/src/Illuminate/Container/Container.php(567): Illuminate\Container\Container->resolve('App\\Http\\Middle...')
#10 /data/wwwroot/nndeal/goodshop_web/vendor/laravel/framework/src/Illuminate/Foundation/Application.php(708): Illuminate\Container\Container->make('App\\Http\\Middle...')
#11 /data/wwwroot/nndeal/goodshop_web/vendor/laravel/framework/src/Illuminate/Pipeline/Pipeline.php(138): Illuminate\Foundation\Application->make('App\\Http\\Middle...')
#12 /data/wwwroot/nndeal/goodshop_web/vendor/laravel/framework/src/Illuminate/Routing/Pipeline.php(53): Illuminate\Pipeline\Pipeline->Illuminate\Pipeline\{closure}(Object(Illuminate\Http\Request))
#13 /data/wwwroot/nndeal/goodshop_web/vendor/laravel/framework/src/Illuminate/Pipeline/Pipeline.php(102): Illuminate\Routing\Pipeline->Illuminate\Routing\{closure}(Object(Illuminate\Http\Request))
#14 /data/wwwroot/nndeal/goodshop_web/vendor/laravel/framework/src/Illuminate/Routing/Router.php(561): Illuminate\Pipeline\Pipeline->then(Object(Closure))
#15 /data/wwwroot/nndeal/goodshop_web/vendor/laravel/framework/src/Illuminate/Routing/Router.php(520): Illuminate\Routing\Router->runRouteWithinStack(Object(Illuminate\Routing\Route), Object(Illuminate\Http\Request))
#16 /data/wwwroot/nndeal/goodshop_web/vendor/laravel/framework/src/Illuminate/Routing/Router.php(498): Illuminate\Routing\Router->dispatchToRoute(Object(Illuminate\Http\Request))
#17 /data/wwwroot/nndeal/goodshop_web/vendor/laravel/framework/src/Illuminate/Foundation/Http/Kernel.php(174): Illuminate\Routing\Router->dispatch(Object(Illuminate\Http\Request))
#18 /data/wwwroot/nndeal/goodshop_web/vendor/laravel/framework/src/Illuminate/Routing/Pipeline.php(30): Illuminate\Foundation\Http\Kernel->Illuminate\Foundation\Http\{closure}(Object(Illuminate\Http\Request))
#19 /data/wwwroot/nndeal/goodshop_web/vendor/laravel/framework/src/Illuminate/Foundation/Http/Middleware/TransformsRequest.php(30): Illuminate\Routing\Pipeline->Illuminate\Routing\{closure}(Object(Illuminate\Http\Request))
#20 /data/wwwroot/nndeal/goodshop_web/vendor/laravel/framework/src/Illuminate/Pipeline/Pipeline.php(148): Illuminate\Foundation\Http\Middleware\TransformsRequest->handle(Object(Illuminate\Http\Request), Object(Closure))
#21 /data/wwwroot/nndeal/goodshop_web/vendor/laravel/framework/src/Illuminate/Routing/Pipeline.php(53): Illuminate\Pipeline\Pipeline->Illuminate\Pipeline\{closure}(Object(Illuminate\Http\Request))
#22 /data/wwwroot/nndeal/goodshop_web/vendor/laravel/framework/src/Illuminate/Foundation/Http/Middleware/TransformsRequest.php(30): Illuminate\Routing\Pipeline->Illuminate\Routing\{closure}(Object(Illuminate\Http\Request))
#23 /data/wwwroot/nndeal/goodshop_web/vendor/laravel/framework/src/Illuminate/Pipeline/Pipeline.php(148): Illuminate\Foundation\Http\Middleware\TransformsRequest->handle(Object(Illuminate\Http\Request), Object(Closure))
#24 /data/wwwroot/nndeal/goodshop_web/vendor/laravel/framework/src/Illuminate/Routing/Pipeline.php(53): Illuminate\Pipeline\Pipeline->Illuminate\Pipeline\{closure}(Object(Illuminate\Http\Request))
#25 /data/wwwroot/nndeal/goodshop_web/vendor/laravel/framework/src/Illuminate/Foundation/Http/Middleware/ValidatePostSize.php(27): Illuminate\Routing\Pipeline->Illuminate\Routing\{closure}(Object(Illuminate\Http\Request))
#26 /data/wwwroot/nndeal/goodshop_web/vendor/laravel/framework/src/Illuminate/Pipeline/Pipeline.php(148): Illuminate\Foundation\Http\Middleware\ValidatePostSize->handle(Object(Illuminate\Http\Request), Object(Closure))
#27 /data/wwwroot/nndeal/goodshop_web/vendor/laravel/framework/src/Illuminate/Routing/Pipeline.php(53): Illuminate\Pipeline\Pipeline->Illuminate\Pipeline\{closure}(Object(Illuminate\Http\Request))
#28 /data/wwwroot/nndeal/goodshop_web/vendor/laravel/framework/src/Illuminate/Foundation/Http/Middleware/CheckForMaintenanceMode.php(46): Illuminate\Routing\Pipeline->Illuminate\Routing\{closure}(Object(Illuminate\Http\Request))
#29 /data/wwwroot/nndeal/goodshop_web/vendor/laravel/framework/src/Illuminate/Pipeline/Pipeline.php(148): Illuminate\Foundation\Http\Middleware\CheckForMaintenanceMode->handle(Object(Illuminate\Http\Request), Object(Closure))
#30 /data/wwwroot/nndeal/goodshop_web/vendor/laravel/framework/src/Illuminate/Routing/Pipeline.php(53): Illuminate\Pipeline\Pipeline->Illuminate\Pipeline\{closure}(Object(Illuminate\Http\Request))
#31 /data/wwwroot/nndeal/goodshop_web/vendor/laravel/framework/src/Illuminate/Pipeline/Pipeline.php(102): Illuminate\Routing\Pipeline->Illuminate\Routing\{closure}(Object(Illuminate\Http\Request))
#32 /data/wwwroot/nndeal/goodshop_web/vendor/laravel/framework/src/Illuminate/Foundation/Http/Kernel.php(149): Illuminate\Pipeline\Pipeline->then(Object(Closure))
#33 /data/wwwroot/nndeal/goodshop_web/vendor/laravel/framework/src/Illuminate/Foundation/Http/Kernel.php(116): Illuminate\Foundation\Http\Kernel->sendRequestThroughRouter(Object(Illuminate\Http\Request))
#34 /data/wwwroot/nndeal/goodshop_web/public/index.php(53): Illuminate\Foundation\Http\Kernel->handle(Object(Illuminate\Http\Request))
#35 {main}  
[2017-05-11 06:21:16] production.ERROR: RuntimeException: The only supported ciphers are AES-128-CBC and AES-256-CBC with the correct key lengths. in /data/wwwroot/nndeal/goodshop_web/vendor/laravel/framework/src/Illuminate/Encryption/Encrypter.php:43
Stack trace:
#0 /data/wwwroot/nndeal/goodshop_web/vendor/laravel/framework/src/Illuminate/Encryption/EncryptionServiceProvider.php(27): Illuminate\Encryption\Encrypter->__construct('', 'AES-256-CBC')
#1 /data/wwwroot/nndeal/goodshop_web/vendor/laravel/framework/src/Illuminate/Container/Container.php(718): Illuminate\Encryption\EncryptionServiceProvider->Illuminate\Encryption\{closure}(Object(Illuminate\Foundation\Application), Array)
#2 /data/wwwroot/nndeal/goodshop_web/vendor/laravel/framework/src/Illuminate/Container/Container.php(600): Illuminate\Container\Container->build(Object(Closure))
#3 /data/wwwroot/nndeal/goodshop_web/vendor/laravel/framework/src/Illuminate/Container/Container.php(567): Illuminate\Container\Container->resolve('encrypter')
#4 /data/wwwroot/nndeal/goodshop_web/vendor/laravel/framework/src/Illuminate/Foundation/Application.php(708): Illuminate\Container\Container->make('encrypter')
#5 /data/wwwroot/nndeal/goodshop_web/vendor/laravel/framework/src/Illuminate/Container/Container.php(842): Illuminate\Foundation\Application->make('encrypter')
#6 /data/wwwroot/nndeal/goodshop_web/vendor/laravel/framework/src/Illuminate/Container/Container.php(782): Illuminate\Container\Container->resolveClass(Object(ReflectionParameter))
#7 /data/wwwroot/nndeal/goodshop_web/vendor/laravel/framework/src/Illuminate/Container/Container.php(748): Illuminate\Container\Container->resolveDependencies(Array)
#8 /data/wwwroot/nndeal/goodshop_web/vendor/laravel/framework/src/Illuminate/Container/Container.php(600): Illuminate\Container\Container->build('App\\Http\\Middle...')
#9 /data/wwwroot/nndeal/goodshop_web/vendor/laravel/framework/src/Illuminate/Container/Container.php(567): Illuminate\Container\Container->resolve('App\\Http\\Middle...')
#10 /data/wwwroot/nndeal/goodshop_web/vendor/laravel/framework/src/Illuminate/Foundation/Application.php(708): Illuminate\Container\Container->make('App\\Http\\Middle...')
#11 /data/wwwroot/nndeal/goodshop_web/vendor/laravel/framework/src/Illuminate/Foundation/Http/Kernel.php(213): Illuminate\Foundation\Application->make('App\\Http\\Middle...')
#12 /data/wwwroot/nndeal/goodshop_web/vendor/laravel/framework/src/Illuminate/Foundation/Http/Kernel.php(187): Illuminate\Foundation\Http\Kernel->terminateMiddleware(Object(Illuminate\Http\Request), Object(Illuminate\Http\Response))
#13 /data/wwwroot/nndeal/goodshop_web/public/index.php(58): Illuminate\Foundation\Http\Kernel->terminate(Object(Illuminate\Http\Request), Object(Illuminate\Http\Response))
#14 {main}  
[2017-05-11 06:21:18] production.ERROR: RuntimeException: The only supported ciphers are AES-128-CBC and AES-256-CBC with the correct key lengths. in /data/wwwroot/nndeal/goodshop_web/vendor/laravel/framework/src/Illuminate/Encryption/Encrypter.php:43
Stack trace:
#0 /data/wwwroot/nndeal/goodshop_web/vendor/laravel/framework/src/Illuminate/Encryption/EncryptionServiceProvider.php(27): Illuminate\Encryption\Encrypter->__construct('', 'AES-256-CBC')
#1 /data/wwwroot/nndeal/goodshop_web/vendor/laravel/framework/src/Illuminate/Container/Container.php(718): Illuminate\Encryption\EncryptionServiceProvider->Illuminate\Encryption\{closure}(Object(Illuminate\Foundation\Application), Array)
#2 /data/wwwroot/nndeal/goodshop_web/vendor/laravel/framework/src/Illuminate/Container/Container.php(600): Illuminate\Container\Container->build(Object(Closure))
#3 /data/wwwroot/nndeal/goodshop_web/vendor/laravel/framework/src/Illuminate/Container/Container.php(567): Illuminate\Container\Container->resolve('encrypter')
#4 /data/wwwroot/nndeal/goodshop_web/vendor/laravel/framework/src/Illuminate/Foundation/Application.php(708): Illuminate\Container\Container->make('encrypter')
#5 /data/wwwroot/nndeal/goodshop_web/vendor/laravel/framework/src/Illuminate/Container/Container.php(842): Illuminate\Foundation\Application->make('encrypter')
#6 /data/wwwroot/nndeal/goodshop_web/vendor/laravel/framework/src/Illuminate/Container/Container.php(782): Illuminate\Container\Container->resolveClass(Object(ReflectionParameter))
#7 /data/wwwroot/nndeal/goodshop_web/vendor/laravel/framework/src/Illuminate/Container/Container.php(748): Illuminate\Container\Container->resolveDependencies(Array)
#8 /data/wwwroot/nndeal/goodshop_web/vendor/laravel/framework/src/Illuminate/Container/Container.php(600): Illuminate\Container\Container->build('App\\Http\\Middle...')
#9 /data/wwwroot/nndeal/goodshop_web/vendor/laravel/framework/src/Illuminate/Container/Container.php(567): Illuminate\Container\Container->resolve('App\\Http\\Middle...')
#10 /data/wwwroot/nndeal/goodshop_web/vendor/laravel/framework/src/Illuminate/Foundation/Application.php(708): Illuminate\Container\Container->make('App\\Http\\Middle...')
#11 /data/wwwroot/nndeal/goodshop_web/vendor/laravel/framework/src/Illuminate/Pipeline/Pipeline.php(138): Illuminate\Foundation\Application->make('App\\Http\\Middle...')
#12 /data/wwwroot/nndeal/goodshop_web/vendor/laravel/framework/src/Illuminate/Routing/Pipeline.php(53): Illuminate\Pipeline\Pipeline->Illuminate\Pipeline\{closure}(Object(Illuminate\Http\Request))
#13 /data/wwwroot/nndeal/goodshop_web/vendor/laravel/framework/src/Illuminate/Pipeline/Pipeline.php(102): Illuminate\Routing\Pipeline->Illuminate\Routing\{closure}(Object(Illuminate\Http\Request))
#14 /data/wwwroot/nndeal/goodshop_web/vendor/laravel/framework/src/Illuminate/Routing/Router.php(561): Illuminate\Pipeline\Pipeline->then(Object(Closure))
#15 /data/wwwroot/nndeal/goodshop_web/vendor/laravel/framework/src/Illuminate/Routing/Router.php(520): Illuminate\Routing\Router->runRouteWithinStack(Object(Illuminate\Routing\Route), Object(Illuminate\Http\Request))
#16 /data/wwwroot/nndeal/goodshop_web/vendor/laravel/framework/src/Illuminate/Routing/Router.php(498): Illuminate\Routing\Router->dispatchToRoute(Object(Illuminate\Http\Request))
#17 /data/wwwroot/nndeal/goodshop_web/vendor/laravel/framework/src/Illuminate/Foundation/Http/Kernel.php(174): Illuminate\Routing\Router->dispatch(Object(Illuminate\Http\Request))
#18 /data/wwwroot/nndeal/goodshop_web/vendor/laravel/framework/src/Illuminate/Routing/Pipeline.php(30): Illuminate\Foundation\Http\Kernel->Illuminate\Foundation\Http\{closure}(Object(Illuminate\Http\Request))
#19 /data/wwwroot/nndeal/goodshop_web/vendor/laravel/framework/src/Illuminate/Foundation/Http/Middleware/TransformsRequest.php(30): Illuminate\Routing\Pipeline->Illuminate\Routing\{closure}(Object(Illuminate\Http\Request))
#20 /data/wwwroot/nndeal/goodshop_web/vendor/laravel/framework/src/Illuminate/Pipeline/Pipeline.php(148): Illuminate\Foundation\Http\Middleware\TransformsRequest->handle(Object(Illuminate\Http\Request), Object(Closure))
#21 /data/wwwroot/nndeal/goodshop_web/vendor/laravel/framework/src/Illuminate/Routing/Pipeline.php(53): Illuminate\Pipeline\Pipeline->Illuminate\Pipeline\{closure}(Object(Illuminate\Http\Request))
#22 /data/wwwroot/nndeal/goodshop_web/vendor/laravel/framework/src/Illuminate/Foundation/Http/Middleware/TransformsRequest.php(30): Illuminate\Routing\Pipeline->Illuminate\Routing\{closure}(Object(Illuminate\Http\Request))
#23 /data/wwwroot/nndeal/goodshop_web/vendor/laravel/framework/src/Illuminate/Pipeline/Pipeline.php(148): Illuminate\Foundation\Http\Middleware\TransformsRequest->handle(Object(Illuminate\Http\Request), Object(Closure))
#24 /data/wwwroot/nndeal/goodshop_web/vendor/laravel/framework/src/Illuminate/Routing/Pipeline.php(53): Illuminate\Pipeline\Pipeline->Illuminate\Pipeline\{closure}(Object(Illuminate\Http\Request))
#25 /data/wwwroot/nndeal/goodshop_web/vendor/laravel/framework/src/Illuminate/Foundation/Http/Middleware/ValidatePostSize.php(27): Illuminate\Routing\Pipeline->Illuminate\Routing\{closure}(Object(Illuminate\Http\Request))
#26 /data/wwwroot/nndeal/goodshop_web/vendor/laravel/framework/src/Illuminate/Pipeline/Pipeline.php(148): Illuminate\Foundation\Http\Middleware\ValidatePostSize->handle(Object(Illuminate\Http\Request), Object(Closure))
#27 /data/wwwroot/nndeal/goodshop_web/vendor/laravel/framework/src/Illuminate/Routing/Pipeline.php(53): Illuminate\Pipeline\Pipeline->Illuminate\Pipeline\{closure}(Object(Illuminate\Http\Request))
#28 /data/wwwroot/nndeal/goodshop_web/vendor/laravel/framework/src/Illuminate/Foundation/Http/Middleware/CheckForMaintenanceMode.php(46): Illuminate\Routing\Pipeline->Illuminate\Routing\{closure}(Object(Illuminate\Http\Request))
#29 /data/wwwroot/nndeal/goodshop_web/vendor/laravel/framework/src/Illuminate/Pipeline/Pipeline.php(148): Illuminate\Foundation\Http\Middleware\CheckForMaintenanceMode->handle(Object(Illuminate\Http\Request), Object(Closure))
#30 /data/wwwroot/nndeal/goodshop_web/vendor/laravel/framework/src/Illuminate/Routing/Pipeline.php(53): Illuminate\Pipeline\Pipeline->Illuminate\Pipeline\{closure}(Object(Illuminate\Http\Request))
#31 /data/wwwroot/nndeal/goodshop_web/vendor/laravel/framework/src/Illuminate/Pipeline/Pipeline.php(102): Illuminate\Routing\Pipeline->Illuminate\Routing\{closure}(Object(Illuminate\Http\Request))
#32 /data/wwwroot/nndeal/goodshop_web/vendor/laravel/framework/src/Illuminate/Foundation/Http/Kernel.php(149): Illuminate\Pipeline\Pipeline->then(Object(Closure))
#33 /data/wwwroot/nndeal/goodshop_web/vendor/laravel/framework/src/Illuminate/Foundation/Http/Kernel.php(116): Illuminate\Foundation\Http\Kernel->sendRequestThroughRouter(Object(Illuminate\Http\Request))
#34 /data/wwwroot/nndeal/goodshop_web/public/index.php(53): Illuminate\Foundation\Http\Kernel->handle(Object(Illuminate\Http\Request))
#35 {main}  
[2017-05-11 06:21:18] production.ERROR: RuntimeException: The only supported ciphers are AES-128-CBC and AES-256-CBC with the correct key lengths. in /data/wwwroot/nndeal/goodshop_web/vendor/laravel/framework/src/Illuminate/Encryption/Encrypter.php:43
Stack trace:
#0 /data/wwwroot/nndeal/goodshop_web/vendor/laravel/framework/src/Illuminate/Encryption/EncryptionServiceProvider.php(27): Illuminate\Encryption\Encrypter->__construct('', 'AES-256-CBC')
#1 /data/wwwroot/nndeal/goodshop_web/vendor/laravel/framework/src/Illuminate/Container/Container.php(718): Illuminate\Encryption\EncryptionServiceProvider->Illuminate\Encryption\{closure}(Object(Illuminate\Foundation\Application), Array)
#2 /data/wwwroot/nndeal/goodshop_web/vendor/laravel/framework/src/Illuminate/Container/Container.php(600): Illuminate\Container\Container->build(Object(Closure))
#3 /data/wwwroot/nndeal/goodshop_web/vendor/laravel/framework/src/Illuminate/Container/Container.php(567): Illuminate\Container\Container->resolve('encrypter')
#4 /data/wwwroot/nndeal/goodshop_web/vendor/laravel/framework/src/Illuminate/Foundation/Application.php(708): Illuminate\Container\Container->make('encrypter')
#5 /data/wwwroot/nndeal/goodshop_web/vendor/laravel/framework/src/Illuminate/Container/Container.php(842): Illuminate\Foundation\Application->make('encrypter')
#6 /data/wwwroot/nndeal/goodshop_web/vendor/laravel/framework/src/Illuminate/Container/Container.php(782): Illuminate\Container\Container->resolveClass(Object(ReflectionParameter))
#7 /data/wwwroot/nndeal/goodshop_web/vendor/laravel/framework/src/Illuminate/Container/Container.php(748): Illuminate\Container\Container->resolveDependencies(Array)
#8 /data/wwwroot/nndeal/goodshop_web/vendor/laravel/framework/src/Illuminate/Container/Container.php(600): Illuminate\Container\Container->build('App\\Http\\Middle...')
#9 /data/wwwroot/nndeal/goodshop_web/vendor/laravel/framework/src/Illuminate/Container/Container.php(567): Illuminate\Container\Container->resolve('App\\Http\\Middle...')
#10 /data/wwwroot/nndeal/goodshop_web/vendor/laravel/framework/src/Illuminate/Foundation/Application.php(708): Illuminate\Container\Container->make('App\\Http\\Middle...')
#11 /data/wwwroot/nndeal/goodshop_web/vendor/laravel/framework/src/Illuminate/Foundation/Http/Kernel.php(213): Illuminate\Foundation\Application->make('App\\Http\\Middle...')
#12 /data/wwwroot/nndeal/goodshop_web/vendor/laravel/framework/src/Illuminate/Foundation/Http/Kernel.php(187): Illuminate\Foundation\Http\Kernel->terminateMiddleware(Object(Illuminate\Http\Request), Object(Illuminate\Http\Response))
#13 /data/wwwroot/nndeal/goodshop_web/public/index.php(58): Illuminate\Foundation\Http\Kernel->terminate(Object(Illuminate\Http\Request), Object(Illuminate\Http\Response))
#14 {main}  
[2017-05-11 06:21:20] production.ERROR: RuntimeException: The only supported ciphers are AES-128-CBC and AES-256-CBC with the correct key lengths. in /data/wwwroot/nndeal/goodshop_web/vendor/laravel/framework/src/Illuminate/Encryption/Encrypter.php:43
Stack trace:
#0 /data/wwwroot/nndeal/goodshop_web/vendor/laravel/framework/src/Illuminate/Encryption/EncryptionServiceProvider.php(27): Illuminate\Encryption\Encrypter->__construct('', 'AES-256-CBC')
#1 /data/wwwroot/nndeal/goodshop_web/vendor/laravel/framework/src/Illuminate/Container/Container.php(718): Illuminate\Encryption\EncryptionServiceProvider->Illuminate\Encryption\{closure}(Object(Illuminate\Foundation\Application), Array)
#2 /data/wwwroot/nndeal/goodshop_web/vendor/laravel/framework/src/Illuminate/Container/Container.php(600): Illuminate\Container\Container->build(Object(Closure))
#3 /data/wwwroot/nndeal/goodshop_web/vendor/laravel/framework/src/Illuminate/Container/Container.php(567): Illuminate\Container\Container->resolve('encrypter')
#4 /data/wwwroot/nndeal/goodshop_web/vendor/laravel/framework/src/Illuminate/Foundation/Application.php(708): Illuminate\Container\Container->make('encrypter')
#5 /data/wwwroot/nndeal/goodshop_web/vendor/laravel/framework/src/Illuminate/Container/Container.php(842): Illuminate\Foundation\Application->make('encrypter')
#6 /data/wwwroot/nndeal/goodshop_web/vendor/laravel/framework/src/Illuminate/Container/Container.php(782): Illuminate\Container\Container->resolveClass(Object(ReflectionParameter))
#7 /data/wwwroot/nndeal/goodshop_web/vendor/laravel/framework/src/Illuminate/Container/Container.php(748): Illuminate\Container\Container->resolveDependencies(Array)
#8 /data/wwwroot/nndeal/goodshop_web/vendor/laravel/framework/src/Illuminate/Container/Container.php(600): Illuminate\Container\Container->build('App\\Http\\Middle...')
#9 /data/wwwroot/nndeal/goodshop_web/vendor/laravel/framework/src/Illuminate/Container/Container.php(567): Illuminate\Container\Container->resolve('App\\Http\\Middle...')
#10 /data/wwwroot/nndeal/goodshop_web/vendor/laravel/framework/src/Illuminate/Foundation/Application.php(708): Illuminate\Container\Container->make('App\\Http\\Middle...')
#11 /data/wwwroot/nndeal/goodshop_web/vendor/laravel/framework/src/Illuminate/Pipeline/Pipeline.php(138): Illuminate\Foundation\Application->make('App\\Http\\Middle...')
#12 /data/wwwroot/nndeal/goodshop_web/vendor/laravel/framework/src/Illuminate/Routing/Pipeline.php(53): Illuminate\Pipeline\Pipeline->Illuminate\Pipeline\{closure}(Object(Illuminate\Http\Request))
#13 /data/wwwroot/nndeal/goodshop_web/vendor/laravel/framework/src/Illuminate/Pipeline/Pipeline.php(102): Illuminate\Routing\Pipeline->Illuminate\Routing\{closure}(Object(Illuminate\Http\Request))
#14 /data/wwwroot/nndeal/goodshop_web/vendor/laravel/framework/src/Illuminate/Routing/Router.php(561): Illuminate\Pipeline\Pipeline->then(Object(Closure))
#15 /data/wwwroot/nndeal/goodshop_web/vendor/laravel/framework/src/Illuminate/Routing/Router.php(520): Illuminate\Routing\Router->runRouteWithinStack(Object(Illuminate\Routing\Route), Object(Illuminate\Http\Request))
#16 /data/wwwroot/nndeal/goodshop_web/vendor/laravel/framework/src/Illuminate/Routing/Router.php(498): Illuminate\Routing\Router->dispatchToRoute(Object(Illuminate\Http\Request))
#17 /data/wwwroot/nndeal/goodshop_web/vendor/laravel/framework/src/Illuminate/Foundation/Http/Kernel.php(174): Illuminate\Routing\Router->dispatch(Object(Illuminate\Http\Request))
#18 /data/wwwroot/nndeal/goodshop_web/vendor/laravel/framework/src/Illuminate/Routing/Pipeline.php(30): Illuminate\Foundation\Http\Kernel->Illuminate\Foundation\Http\{closure}(Object(Illuminate\Http\Request))
#19 /data/wwwroot/nndeal/goodshop_web/vendor/laravel/framework/src/Illuminate/Foundation/Http/Middleware/TransformsRequest.php(30): Illuminate\Routing\Pipeline->Illuminate\Routing\{closure}(Object(Illuminate\Http\Request))
#20 /data/wwwroot/nndeal/goodshop_web/vendor/laravel/framework/src/Illuminate/Pipeline/Pipeline.php(148): Illuminate\Foundation\Http\Middleware\TransformsRequest->handle(Object(Illuminate\Http\Request), Object(Closure))
#21 /data/wwwroot/nndeal/goodshop_web/vendor/laravel/framework/src/Illuminate/Routing/Pipeline.php(53): Illuminate\Pipeline\Pipeline->Illuminate\Pipeline\{closure}(Object(Illuminate\Http\Request))
#22 /data/wwwroot/nndeal/goodshop_web/vendor/laravel/framework/src/Illuminate/Foundation/Http/Middleware/TransformsRequest.php(30): Illuminate\Routing\Pipeline->Illuminate\Routing\{closure}(Object(Illuminate\Http\Request))
#23 /data/wwwroot/nndeal/goodshop_web/vendor/laravel/framework/src/Illuminate/Pipeline/Pipeline.php(148): Illuminate\Foundation\Http\Middleware\TransformsRequest->handle(Object(Illuminate\Http\Request), Object(Closure))
#24 /data/wwwroot/nndeal/goodshop_web/vendor/laravel/framework/src/Illuminate/Routing/Pipeline.php(53): Illuminate\Pipeline\Pipeline->Illuminate\Pipeline\{closure}(Object(Illuminate\Http\Request))
#25 /data/wwwroot/nndeal/goodshop_web/vendor/laravel/framework/src/Illuminate/Foundation/Http/Middleware/ValidatePostSize.php(27): Illuminate\Routing\Pipeline->Illuminate\Routing\{closure}(Object(Illuminate\Http\Request))
#26 /data/wwwroot/nndeal/goodshop_web/vendor/laravel/framework/src/Illuminate/Pipeline/Pipeline.php(148): Illuminate\Foundation\Http\Middleware\ValidatePostSize->handle(Object(Illuminate\Http\Request), Object(Closure))
#27 /data/wwwroot/nndeal/goodshop_web/vendor/laravel/framework/src/Illuminate/Routing/Pipeline.php(53): Illuminate\Pipeline\Pipeline->Illuminate\Pipeline\{closure}(Object(Illuminate\Http\Request))
#28 /data/wwwroot/nndeal/goodshop_web/vendor/laravel/framework/src/Illuminate/Foundation/Http/Middleware/CheckForMaintenanceMode.php(46): Illuminate\Routing\Pipeline->Illuminate\Routing\{closure}(Object(Illuminate\Http\Request))
#29 /data/wwwroot/nndeal/goodshop_web/vendor/laravel/framework/src/Illuminate/Pipeline/Pipeline.php(148): Illuminate\Foundation\Http\Middleware\CheckForMaintenanceMode->handle(Object(Illuminate\Http\Request), Object(Closure))
#30 /data/wwwroot/nndeal/goodshop_web/vendor/laravel/framework/src/Illuminate/Routing/Pipeline.php(53): Illuminate\Pipeline\Pipeline->Illuminate\Pipeline\{closure}(Object(Illuminate\Http\Request))
#31 /data/wwwroot/nndeal/goodshop_web/vendor/laravel/framework/src/Illuminate/Pipeline/Pipeline.php(102): Illuminate\Routing\Pipeline->Illuminate\Routing\{closure}(Object(Illuminate\Http\Request))
#32 /data/wwwroot/nndeal/goodshop_web/vendor/laravel/framework/src/Illuminate/Foundation/Http/Kernel.php(149): Illuminate\Pipeline\Pipeline->then(Object(Closure))
#33 /data/wwwroot/nndeal/goodshop_web/vendor/laravel/framework/src/Illuminate/Foundation/Http/Kernel.php(116): Illuminate\Foundation\Http\Kernel->sendRequestThroughRouter(Object(Illuminate\Http\Request))
#34 /data/wwwroot/nndeal/goodshop_web/public/index.php(53): Illuminate\Foundation\Http\Kernel->handle(Object(Illuminate\Http\Request))
#35 {main}  
[2017-05-11 06:21:20] production.ERROR: RuntimeException: The only supported ciphers are AES-128-CBC and AES-256-CBC with the correct key lengths. in /data/wwwroot/nndeal/goodshop_web/vendor/laravel/framework/src/Illuminate/Encryption/Encrypter.php:43
Stack trace:
#0 /data/wwwroot/nndeal/goodshop_web/vendor/laravel/framework/src/Illuminate/Encryption/EncryptionServiceProvider.php(27): Illuminate\Encryption\Encrypter->__construct('', 'AES-256-CBC')
#1 /data/wwwroot/nndeal/goodshop_web/vendor/laravel/framework/src/Illuminate/Container/Container.php(718): Illuminate\Encryption\EncryptionServiceProvider->Illuminate\Encryption\{closure}(Object(Illuminate\Foundation\Application), Array)
#2 /data/wwwroot/nndeal/goodshop_web/vendor/laravel/framework/src/Illuminate/Container/Container.php(600): Illuminate\Container\Container->build(Object(Closure))
#3 /data/wwwroot/nndeal/goodshop_web/vendor/laravel/framework/src/Illuminate/Container/Container.php(567): Illuminate\Container\Container->resolve('encrypter')
#4 /data/wwwroot/nndeal/goodshop_web/vendor/laravel/framework/src/Illuminate/Foundation/Application.php(708): Illuminate\Container\Container->make('encrypter')
#5 /data/wwwroot/nndeal/goodshop_web/vendor/laravel/framework/src/Illuminate/Container/Container.php(842): Illuminate\Foundation\Application->make('encrypter')
#6 /data/wwwroot/nndeal/goodshop_web/vendor/laravel/framework/src/Illuminate/Container/Container.php(782): Illuminate\Container\Container->resolveClass(Object(ReflectionParameter))
#7 /data/wwwroot/nndeal/goodshop_web/vendor/laravel/framework/src/Illuminate/Container/Container.php(748): Illuminate\Container\Container->resolveDependencies(Array)
#8 /data/wwwroot/nndeal/goodshop_web/vendor/laravel/framework/src/Illuminate/Container/Container.php(600): Illuminate\Container\Container->build('App\\Http\\Middle...')
#9 /data/wwwroot/nndeal/goodshop_web/vendor/laravel/framework/src/Illuminate/Container/Container.php(567): Illuminate\Container\Container->resolve('App\\Http\\Middle...')
#10 /data/wwwroot/nndeal/goodshop_web/vendor/laravel/framework/src/Illuminate/Foundation/Application.php(708): Illuminate\Container\Container->make('App\\Http\\Middle...')
#11 /data/wwwroot/nndeal/goodshop_web/vendor/laravel/framework/src/Illuminate/Foundation/Http/Kernel.php(213): Illuminate\Foundation\Application->make('App\\Http\\Middle...')
#12 /data/wwwroot/nndeal/goodshop_web/vendor/laravel/framework/src/Illuminate/Foundation/Http/Kernel.php(187): Illuminate\Foundation\Http\Kernel->terminateMiddleware(Object(Illuminate\Http\Request), Object(Illuminate\Http\Response))
#13 /data/wwwroot/nndeal/goodshop_web/public/index.php(58): Illuminate\Foundation\Http\Kernel->terminate(Object(Illuminate\Http\Request), Object(Illuminate\Http\Response))
#14 {main}  
